[2024-06-11 13:22:28 +0100] [6161] [INFO] Starting gunicorn 22.0.0
[2024-06-11 13:22:28 +0100] [6161] [ERROR] Connection in use: ('0.0.0.0', 5000)
[2024-06-11 13:22:28 +0100] [6161] [ERROR] Retrying in 1 second.
[2024-06-11 13:22:29 +0100] [6161] [ERROR] Connection in use: ('0.0.0.0', 5000)
[2024-06-11 13:22:29 +0100] [6161] [ERROR] Retrying in 1 second.
[2024-06-11 13:22:30 +0100] [6161] [ERROR] Connection in use: ('0.0.0.0', 5000)
[2024-06-11 13:22:30 +0100] [6161] [ERROR] Retrying in 1 second.
[2024-06-11 13:22:31 +0100] [6161] [INFO] Listening at: http://0.0.0.0:5000 (6161)
[2024-06-11 13:22:31 +0100] [6161] [INFO] Using worker: sync
[2024-06-11 13:22:31 +0100] [6187] [INFO] Booting worker with pid: 6187
[2024-06-11 13:22:31 +0100] [6189] [INFO] Booting worker with pid: 6189
[2024-06-11 13:22:31 +0100] [6161] [INFO] Handling signal: term
[2024-06-11 13:22:32 +0100] [6187] [INFO] Worker exiting (pid: 6187)
[2024-06-11 13:22:32 +0100] [6189] [INFO] Worker exiting (pid: 6189)
[2024-06-11 13:22:32 +0100] [6161] [INFO] Shutting down: Master
[2024-06-11 13:23:29 +0100] [6444] [INFO] Starting gunicorn 22.0.0
[2024-06-11 13:23:29 +0100] [6444] [INFO] Listening at: http://0.0.0.0:5000 (6444)
[2024-06-11 13:23:29 +0100] [6444] [INFO] Using worker: sync
[2024-06-11 13:23:29 +0100] [6450] [INFO] Booting worker with pid: 6450
[2024-06-11 13:23:29 +0100] [6453] [INFO] Booting worker with pid: 6453
[2024-06-11 13:23:30 +0100] [6444] [INFO] Handling signal: term
[2024-06-11 13:23:30 +0100] [6450] [INFO] Worker exiting (pid: 6450)
[2024-06-11 13:23:31 +0100] [6453] [INFO] Worker exiting (pid: 6453)
[2024-06-11 13:23:31 +0100] [6444] [ERROR] Worker (pid:6453) was sent SIGTERM!
[2024-06-11 13:23:31 +0100] [6444] [INFO] Shutting down: Master
[2024-06-11 13:23:41 +0100] [6516] [INFO] Starting gunicorn 22.0.0
[2024-06-11 13:23:41 +0100] [6516] [INFO] Listening at: http://0.0.0.0:5000 (6516)
[2024-06-11 13:23:41 +0100] [6516] [INFO] Using worker: sync
[2024-06-11 13:23:41 +0100] [6521] [INFO] Booting worker with pid: 6521
[2024-06-11 13:23:41 +0100] [6524] [INFO] Booting worker with pid: 6524
[2024-06-11 15:19:34 +0100] [27974] [INFO] Starting gunicorn 22.0.0
[2024-06-11 15:19:34 +0100] [27974] [ERROR] Connection in use: ('0.0.0.0', 5000)
[2024-06-11 15:19:34 +0100] [27974] [ERROR] Retrying in 1 second.
[2024-06-11 15:19:35 +0100] [27974] [ERROR] Connection in use: ('0.0.0.0', 5000)
[2024-06-11 15:19:35 +0100] [27974] [ERROR] Retrying in 1 second.
[2024-06-11 15:19:36 +0100] [27974] [ERROR] Connection in use: ('0.0.0.0', 5000)
[2024-06-11 15:19:36 +0100] [27974] [ERROR] Retrying in 1 second.
[2024-06-11 15:19:37 +0100] [27974] [ERROR] Connection in use: ('0.0.0.0', 5000)
[2024-06-11 15:19:37 +0100] [27974] [ERROR] Retrying in 1 second.
[2024-06-11 15:19:38 +0100] [27974] [ERROR] Connection in use: ('0.0.0.0', 5000)
[2024-06-11 15:19:38 +0100] [27974] [ERROR] Retrying in 1 second.
[2024-06-11 15:19:39 +0100] [27974] [ERROR] Can't connect to ('0.0.0.0', 5000)
[2024-06-11 15:21:50 +0100] [6516] [INFO] Handling signal: term
[2024-06-11 15:21:50 +0100] [6521] [INFO] Worker exiting (pid: 6521)
[2024-06-11 15:21:50 +0100] [6524] [INFO] Worker exiting (pid: 6524)
[2024-06-11 15:21:50 +0100] [6516] [ERROR] Worker (pid:6524) was sent SIGTERM!
[2024-06-11 15:21:51 +0100] [6516] [INFO] Shutting down: Master
[2024-06-11 15:22:03 +0100] [28583] [INFO] Starting gunicorn 22.0.0
[2024-06-11 15:22:03 +0100] [28583] [INFO] Listening at: http://0.0.0.0:5000 (28583)
[2024-06-11 15:22:03 +0100] [28583] [INFO] Using worker: sync
[2024-06-11 15:22:03 +0100] [28593] [INFO] Booting worker with pid: 28593
[2024-06-11 15:22:03 +0100] [28594] [INFO] Booting worker with pid: 28594
[2024-06-11 16:22:33 +0100] [42887] [INFO] Starting gunicorn 22.0.0
[2024-06-11 16:22:33 +0100] [42887] [ERROR] Connection in use: ('0.0.0.0', 5000)
[2024-06-11 16:22:33 +0100] [42887] [ERROR] Retrying in 1 second.
[2024-06-11 16:22:34 +0100] [42887] [ERROR] Connection in use: ('0.0.0.0', 5000)
[2024-06-11 16:22:34 +0100] [42887] [ERROR] Retrying in 1 second.
[2024-06-11 16:22:35 +0100] [42887] [ERROR] Connection in use: ('0.0.0.0', 5000)
[2024-06-11 16:22:35 +0100] [42887] [ERROR] Retrying in 1 second.
[2024-06-11 16:22:36 +0100] [42887] [ERROR] Connection in use: ('0.0.0.0', 5000)
[2024-06-11 16:22:36 +0100] [42887] [ERROR] Retrying in 1 second.
[2024-06-11 16:22:37 +0100] [42887] [ERROR] Connection in use: ('0.0.0.0', 5000)
[2024-06-11 16:22:37 +0100] [42887] [ERROR] Retrying in 1 second.
[2024-06-11 16:22:38 +0100] [42887] [ERROR] Can't connect to ('0.0.0.0', 5000)
[2024-06-11 16:22:48 +0100] [28583] [INFO] Handling signal: term
[2024-06-11 16:22:48 +0100] [28593] [INFO] Worker exiting (pid: 28593)
[2024-06-11 16:22:48 +0100] [28594] [INFO] Worker exiting (pid: 28594)
[2024-06-11 16:22:49 +0100] [28583] [INFO] Shutting down: Master
[2024-06-11 16:22:59 +0100] [43013] [INFO] Starting gunicorn 22.0.0
[2024-06-11 16:22:59 +0100] [43013] [INFO] Listening at: http://0.0.0.0:5000 (43013)
[2024-06-11 16:22:59 +0100] [43013] [INFO] Using worker: sync
[2024-06-11 16:22:59 +0100] [43018] [INFO] Booting worker with pid: 43018
[2024-06-11 16:22:59 +0100] [43021] [INFO] Booting worker with pid: 43021
[2024-06-11 17:59:34 +0100] [43013] [INFO] Handling signal: term
[2024-06-11 17:59:35 +0100] [43021] [INFO] Worker exiting (pid: 43021)
[2024-06-11 17:59:35 +0100] [43018] [INFO] Worker exiting (pid: 43018)
[2024-06-11 17:59:35 +0100] [43013] [INFO] Shutting down: Master
[2024-06-13 16:41:21 +0100] [501] [INFO] Starting gunicorn 22.0.0
[2024-06-13 16:41:21 +0100] [501] [INFO] Listening at: http://0.0.0.0:5000 (501)
[2024-06-13 16:41:21 +0100] [501] [INFO] Using worker: sync
[2024-06-13 16:41:21 +0100] [509] [INFO] Booting worker with pid: 509
[2024-06-13 16:41:21 +0100] [512] [INFO] Booting worker with pid: 512
[2024-06-13 16:44:13 +0100] [501] [INFO] Handling signal: term
[2024-06-13 16:44:14 +0100] [512] [INFO] Worker exiting (pid: 512)
[2024-06-13 16:44:14 +0100] [509] [INFO] Worker exiting (pid: 509)
[2024-06-13 16:44:14 +0100] [501] [INFO] Shutting down: Master
[2024-06-13 16:44:25 +0100] [1436] [INFO] Starting gunicorn 22.0.0
[2024-06-13 16:44:25 +0100] [1436] [INFO] Listening at: http://0.0.0.0:5000 (1436)
[2024-06-13 16:44:25 +0100] [1436] [INFO] Using worker: sync
[2024-06-13 16:44:25 +0100] [1462] [INFO] Booting worker with pid: 1462
[2024-06-13 16:44:25 +0100] [1465] [INFO] Booting worker with pid: 1465
[2024-06-13 16:44:27 +0100] [1462] [ERROR] Exception in worker process
Traceback (most recent call last):
  File "/mnt/c/Users/chibu/Desktop/intro_to_microservices_with_flask/.venv/lib/python3.10/site-packages/gunicorn/arbiter.py", line 609, in spawn_worker
    worker.init_process()
  File "/mnt/c/Users/chibu/Desktop/intro_to_microservices_with_flask/.venv/lib/python3.10/site-packages/gunicorn/workers/base.py", line 134, in init_process
    self.load_wsgi()
  File "/mnt/c/Users/chibu/Desktop/intro_to_microservices_with_flask/.venv/lib/python3.10/site-packages/gunicorn/workers/base.py", line 146, in load_wsgi
    self.wsgi = self.app.wsgi()
  File "/mnt/c/Users/chibu/Desktop/intro_to_microservices_with_flask/.venv/lib/python3.10/site-packages/gunicorn/app/base.py", line 67, in wsgi
    self.callable = self.load()
  File "/mnt/c/Users/chibu/Desktop/intro_to_microservices_with_flask/.venv/lib/python3.10/site-packages/gunicorn/app/wsgiapp.py", line 58, in load
    return self.load_wsgiapp()
  File "/mnt/c/Users/chibu/Desktop/intro_to_microservices_with_flask/.venv/lib/python3.10/site-packages/gunicorn/app/wsgiapp.py", line 48, in load_wsgiapp
    return util.import_app(self.app_uri)
  File "/mnt/c/Users/chibu/Desktop/intro_to_microservices_with_flask/.venv/lib/python3.10/site-packages/gunicorn/util.py", line 371, in import_app
    mod = importlib.import_module(module)
  File "/usr/lib/python3.10/importlib/__init__.py", line 126, in import_module
    return _bootstrap._gcd_import(name[level:], package, level)
  File "<frozen importlib._bootstrap>", line 1050, in _gcd_import
  File "<frozen importlib._bootstrap>", line 1027, in _find_and_load
  File "<frozen importlib._bootstrap>", line 1006, in _find_and_load_unlocked
  File "<frozen importlib._bootstrap>", line 688, in _load_unlocked
  File "<frozen importlib._bootstrap_external>", line 883, in exec_module
  File "<frozen importlib._bootstrap>", line 241, in _call_with_frames_removed
  File "/mnt/c/Users/chibu/Desktop/intro_to_microservices_with_flask/api_gateway/app.py", line 6, in <module>
    cors = Cors(app, resources={r"/*": {"origins": "*"}})
NameError: name 'Cors' is not defined
[2024-06-13 16:44:27 +0100] [1465] [ERROR] Exception in worker process
Traceback (most recent call last):
  File "/mnt/c/Users/chibu/Desktop/intro_to_microservices_with_flask/.venv/lib/python3.10/site-packages/gunicorn/arbiter.py", line 609, in spawn_worker
    worker.init_process()
  File "/mnt/c/Users/chibu/Desktop/intro_to_microservices_with_flask/.venv/lib/python3.10/site-packages/gunicorn/workers/base.py", line 134, in init_process
    self.load_wsgi()
  File "/mnt/c/Users/chibu/Desktop/intro_to_microservices_with_flask/.venv/lib/python3.10/site-packages/gunicorn/workers/base.py", line 146, in load_wsgi
    self.wsgi = self.app.wsgi()
  File "/mnt/c/Users/chibu/Desktop/intro_to_microservices_with_flask/.venv/lib/python3.10/site-packages/gunicorn/app/base.py", line 67, in wsgi
    self.callable = self.load()
  File "/mnt/c/Users/chibu/Desktop/intro_to_microservices_with_flask/.venv/lib/python3.10/site-packages/gunicorn/app/wsgiapp.py", line 58, in load
    return self.load_wsgiapp()
  File "/mnt/c/Users/chibu/Desktop/intro_to_microservices_with_flask/.venv/lib/python3.10/site-packages/gunicorn/app/wsgiapp.py", line 48, in load_wsgiapp
    return util.import_app(self.app_uri)
  File "/mnt/c/Users/chibu/Desktop/intro_to_microservices_with_flask/.venv/lib/python3.10/site-packages/gunicorn/util.py", line 371, in import_app
    mod = importlib.import_module(module)
  File "/usr/lib/python3.10/importlib/__init__.py", line 126, in import_module
    return _bootstrap._gcd_import(name[level:], package, level)
  File "<frozen importlib._bootstrap>", line 1050, in _gcd_import
  File "<frozen importlib._bootstrap>", line 1027, in _find_and_load
  File "<frozen importlib._bootstrap>", line 1006, in _find_and_load_unlocked
  File "<frozen importlib._bootstrap>", line 688, in _load_unlocked
  File "<frozen importlib._bootstrap_external>", line 883, in exec_module
  File "<frozen importlib._bootstrap>", line 241, in _call_with_frames_removed
  File "/mnt/c/Users/chibu/Desktop/intro_to_microservices_with_flask/api_gateway/app.py", line 6, in <module>
    cors = Cors(app, resources={r"/*": {"origins": "*"}})
NameError: name 'Cors' is not defined
[2024-06-13 16:44:27 +0100] [1462] [INFO] Worker exiting (pid: 1462)
[2024-06-13 16:44:27 +0100] [1465] [INFO] Worker exiting (pid: 1465)
[2024-06-13 16:44:27 +0100] [1436] [ERROR] Worker (pid:1462) exited with code 3
[2024-06-13 16:44:27 +0100] [1436] [ERROR] Worker (pid:1465) was sent SIGTERM!
[2024-06-13 16:44:27 +0100] [1436] [ERROR] Shutting down: Master
[2024-06-13 16:44:27 +0100] [1436] [ERROR] Reason: Worker failed to boot.
[2024-06-13 16:44:56 +0100] [1588] [INFO] Starting gunicorn 22.0.0
[2024-06-13 16:44:56 +0100] [1588] [INFO] Listening at: http://0.0.0.0:5000 (1588)
[2024-06-13 16:44:56 +0100] [1588] [INFO] Using worker: sync
[2024-06-13 16:44:56 +0100] [1593] [INFO] Booting worker with pid: 1593
[2024-06-13 16:44:56 +0100] [1595] [INFO] Booting worker with pid: 1595
[2024-06-13 16:45:00 +0100] [1588] [INFO] Handling signal: term
[2024-06-13 16:45:00 +0100] [1595] [INFO] Worker exiting (pid: 1595)
[2024-06-13 16:45:00 +0100] [1593] [INFO] Worker exiting (pid: 1593)
[2024-06-13 16:45:00 +0100] [1588] [INFO] Shutting down: Master
[2024-06-13 16:45:05 +0100] [1643] [INFO] Starting gunicorn 22.0.0
[2024-06-13 16:45:05 +0100] [1643] [INFO] Listening at: http://0.0.0.0:5000 (1643)
[2024-06-13 16:45:05 +0100] [1643] [INFO] Using worker: sync
[2024-06-13 16:45:05 +0100] [1649] [INFO] Booting worker with pid: 1649
[2024-06-13 16:45:05 +0100] [1654] [INFO] Booting worker with pid: 1654
[2024-06-13 16:49:09 +0100] [1643] [INFO] Handling signal: term
[2024-06-13 16:49:09 +0100] [1654] [INFO] Worker exiting (pid: 1654)
[2024-06-13 16:49:09 +0100] [1649] [INFO] Worker exiting (pid: 1649)
[2024-06-13 16:49:10 +0100] [1643] [ERROR] Worker (pid:1654) was sent SIGTERM!
[2024-06-13 16:49:11 +0100] [1643] [INFO] Shutting down: Master
[2024-06-13 16:49:12 +0100] [2595] [INFO] Starting gunicorn 22.0.0
[2024-06-13 16:49:12 +0100] [2595] [INFO] Listening at: http://0.0.0.0:5000 (2595)
[2024-06-13 16:49:12 +0100] [2595] [INFO] Using worker: sync
[2024-06-13 16:49:12 +0100] [2603] [INFO] Booting worker with pid: 2603
[2024-06-13 16:49:12 +0100] [2605] [INFO] Booting worker with pid: 2605
[2024-06-13 17:10:32 +0100] [2595] [INFO] Handling signal: term
[2024-06-13 17:10:33 +0100] [2605] [INFO] Worker exiting (pid: 2605)
[2024-06-13 17:10:33 +0100] [2603] [INFO] Worker exiting (pid: 2603)
[2024-06-13 17:10:33 +0100] [2595] [ERROR] Worker (pid:2605) was sent SIGTERM!
[2024-06-13 17:10:34 +0100] [2595] [INFO] Shutting down: Master
[2024-06-13 17:21:58 +0100] [10270] [INFO] Starting gunicorn 22.0.0
[2024-06-13 17:21:58 +0100] [10270] [INFO] Listening at: http://0.0.0.0:5000 (10270)
[2024-06-13 17:21:58 +0100] [10270] [INFO] Using worker: sync
[2024-06-13 17:21:58 +0100] [10277] [INFO] Booting worker with pid: 10277
[2024-06-13 17:21:58 +0100] [10280] [INFO] Booting worker with pid: 10280
